<?xml version="1.0" encoding="UTF-8"?>
<!-- Generated by org.testng.reporters.JUnitXMLReporter -->
<testsuite hostname="Karthik-kuppa.local" name="Default test(failed)" tests="3" failures="0" timestamp="24 Jul 2013 07:04:54 GMT" time="1.286" errors="0">
  <testcase name="@BeforeTest testAaddingHeaders" time="0.0" classname="AiresRest.Login">
    <failure type="org.openqa.selenium.ElementNotVisibleException" message="Element is not currently visible and so may not be interacted with
Command duration or timeout: 12 milliseconds
Build info: version: &amp;apos;2.33.0&amp;apos;, revision: &amp;apos;4e90c97&amp;apos;, time: &amp;apos;2013-05-22 15:32:38&amp;apos;
System info: os.name: &amp;apos;Mac OS X&amp;apos;, os.arch: &amp;apos;x86_64&amp;apos;, os.version: &amp;apos;10.7.5&amp;apos;, java.version: &amp;apos;1.6.0_37&amp;apos;
Session ID: 5e6f6ccf-5e79-6948-885a-683829ad457e
Driver info: org.openqa.selenium.firefox.FirefoxDriver
Capabilities [{platform=MAC, acceptSslCerts=true, javascriptEnabled=true, browserName=firefox, rotatable=false, locationContextEnabled=true, version=22.0, cssSelectorsEnabled=true, databaseEnabled=true, handlesAlerts=true, browserConnectionEnabled=true, nativeEvents=false, webStorageEnabled=true, applicationCacheEnabled=true, takesScreenshot=true}]">
      <![CDATA[org.openqa.selenium.ElementNotVisibleException: Element is not currently visible and so may not be interacted with
Command duration or timeout: 12 milliseconds
Build info: version: '2.33.0', revision: '4e90c97', time: '2013-05-22 15:32:38'
System info: os.name: 'Mac OS X', os.arch: 'x86_64', os.version: '10.7.5', java.version: '1.6.0_37'
Session ID: 5e6f6ccf-5e79-6948-885a-683829ad457e
Driver info: org.openqa.selenium.firefox.FirefoxDriver
Capabilities [{platform=MAC, acceptSslCerts=true, javascriptEnabled=true, browserName=firefox, rotatable=false, locationContextEnabled=true, version=22.0, cssSelectorsEnabled=true, databaseEnabled=true, handlesAlerts=true, browserConnectionEnabled=true, nativeEvents=false, webStorageEnabled=true, applicationCacheEnabled=true, takesScreenshot=true}]
	at org.openqa.selenium.remote.ErrorHandler.createThrowable(ErrorHandler.java:191)
	at org.openqa.selenium.remote.ErrorHandler.throwIfResponseFailed(ErrorHandler.java:145)
	at org.openqa.selenium.remote.RemoteWebDriver.execute(RemoteWebDriver.java:554)
	at org.openqa.selenium.remote.RemoteWebElement.execute(RemoteWebElement.java:268)
	at org.openqa.selenium.remote.RemoteWebElement.sendKeys(RemoteWebElement.java:89)
	at AiresRest.Login.PositiveHeaders(Login.java:34)
	at AiresRest.Login.testAaddingHeaders(Login.java:49)
Caused by: org.openqa.selenium.remote.ErrorHandler$UnknownServerException: Element is not currently visible and so may not be interacted with
Build info: version: '2.33.0', revision: '4e90c97', time: '2013-05-22 15:32:38'
System info: os.name: 'Mac OS X', os.arch: 'x86_64', os.version: '10.7.5', java.version: '1.6.0_37'
Driver info: driver.version: unknown
	at <anonymous class>.fxdriver.preconditions.visible(file:///var/folders/3x/14ztp42d6ln_lrj28jbq88t00000gt/T/anonymous2467142857312120755webdriver-profile/extensions/fxdriver@googlecode.com/components/command_processor.js:7736)
	at <anonymous class>.DelayedCommand.prototype.checkPreconditions_(file:///var/folders/3x/14ztp42d6ln_lrj28jbq88t00000gt/T/anonymous2467142857312120755webdriver-profile/extensions/fxdriver@googlecode.com/components/command_processor.js:10437)
	at <anonymous class>.DelayedCommand.prototype.executeInternal_/h(file:///var/folders/3x/14ztp42d6ln_lrj28jbq88t00000gt/T/anonymous2467142857312120755webdriver-profile/extensions/fxdriver@googlecode.com/components/command_processor.js:10456)
	at <anonymous class>.DelayedCommand.prototype.executeInternal_(file:///var/folders/3x/14ztp42d6ln_lrj28jbq88t00000gt/T/anonymous2467142857312120755webdriver-profile/extensions/fxdriver@googlecode.com/components/command_processor.js:10461)
	at <anonymous class>.DelayedCommand.prototype.execute/<(file:///var/folders/3x/14ztp42d6ln_lrj28jbq88t00000gt/T/anonymous2467142857312120755webdriver-profile/extensions/fxdriver@googlecode.com/components/command_processor.js:10401)
... Removed 26 stack frames]]>
    </failure>
  </testcase> <!-- @BeforeTest testAaddingHeaders -->
  <testcase name="testRemoveHeaders" time="0.0010" classname="AiresRest.Login">
    <skipped/>
  </testcase> <!-- testRemoveHeaders -->
  <testcase name="testDeviceTypes" time="0.0010" classname="AiresRest.Login">
    <skipped/>
  </testcase> <!-- testDeviceTypes -->
  <testcase name="testChemicals" time="0.0" classname="AiresRest.Login">
    <skipped/>
  </testcase> <!-- testChemicals -->
</testsuite> <!-- Default test(failed) -->
